<?xml version="1.0" encoding="UTF-8"?>
<testng-results skipped="0" failed="0" total="2" passed="2">
  <reporter-output>
  </reporter-output>
  <suite name="Default suite" duration-ms="8799" started-at="2016-09-01T02:13:06Z" finished-at="2016-09-01T02:13:15Z">
    <groups>
    </groups>
    <test name="Default test" duration-ms="8799" started-at="2016-09-01T02:13:06Z" finished-at="2016-09-01T02:13:15Z">
      <class name="mainWebDriverFramework.MainWebDriverFramework">
        <test-method status="PASS" signature="AOpeningBrowser()[pri:0, instance:mainWebDriverFramework.MainWebDriverFramework@1033576a]" name="AOpeningBrowser" duration-ms="2983" started-at="2016-08-31T22:13:06Z" finished-at="2016-08-31T22:13:09Z">
          <reporter-output>
          </reporter-output>
        </test-method> <!-- AOpeningBrowser -->
        <test-method status="PASS" signature="LoggingIn()[pri:0, instance:mainWebDriverFramework.MainWebDriverFramework@1033576a]" name="LoggingIn" duration-ms="5771" started-at="2016-08-31T22:13:09Z" depends-on-methods="mainWebDriverFramework.MainWebDriverFramework.AOpeningBrowser" finished-at="2016-08-31T22:13:15Z">
          <reporter-output>
          </reporter-output>
        </test-method> <!-- LoggingIn -->
      </class> <!-- mainWebDriverFramework.MainWebDriverFramework -->
    </test> <!-- Default test -->
  </suite> <!-- Default suite -->
</testng-results>
